<?xml version="1.0" encoding="UTF-8"?>
<!-- Generated by org.testng.reporters.JUnitReportReporter -->
<testsuite hostname="DESKTOP-29D1PLS" failures="0" tests="1" name="test.RestAssured_Spotify2.tests.PlaylistsTest" time="4.373" errors="0" timestamp="08 Sep 2023 13:03:42 GMT" skipped="0">
  <testcase classname="test.RestAssured_Spotify2.tests.PlaylistsTest" name="createPlaylistTest" time="4.373"/>
</testsuite> <!-- test.RestAssured_Spotify2.tests.PlaylistsTest -->
