<?xml version="1.0" encoding="UTF-8"?>
<!-- Generated by org.testng.reporters.JUnitReportReporter -->
<testsuite hostname="DESKTOP-29D1PLS" failures="0" tests="4" name="test.RestAssured_Spotify2.tests.PlaylistsTest" time="26.977" errors="0" timestamp="20 Sep 2023 12:22:54 GMT" skipped="0">
  <testcase classname="test.RestAssured_Spotify2.tests.PlaylistsTest" name="updatePlaylistTest" time="6.765"/>
  <testcase classname="test.RestAssured_Spotify2.tests.PlaylistsTest" name="createPlaylistWithoutNameTest" time="6.782"/>
  <testcase classname="test.RestAssured_Spotify2.tests.PlaylistsTest" name="getPlaylistTest" time="6.506"/>
  <testcase classname="test.RestAssured_Spotify2.tests.PlaylistsTest" name="createPlaylistTest" time="6.924"/>
</testsuite> <!-- test.RestAssured_Spotify2.tests.PlaylistsTest -->
